[debug] [2017-10-09T21:36:16.543Z] ----------------------------------------------------------------------
[debug] [2017-10-09T21:36:16.546Z] Command:       /usr/local/bin/node /usr/local/bin/firebase deploy
[debug] [2017-10-09T21:36:16.546Z] CLI Version:   3.13.1
[debug] [2017-10-09T21:36:16.546Z] Platform:      darwin
[debug] [2017-10-09T21:36:16.546Z] Node Version:  v6.11.4
[debug] [2017-10-09T21:36:16.546Z] Time:          Mon Oct 09 2017 17:36:16 GMT-0400 (EDT)
[debug] [2017-10-09T21:36:16.547Z] ----------------------------------------------------------------------
[debug] 
[debug] [2017-10-09T21:36:16.561Z] > command requires scopes: ["email","openid","https://www.googleapis.com/auth/cloudplatformprojects.readonly","https://www.googleapis.com/auth/firebase","https://www.googleapis.com/auth/cloud-platform"]
[debug] [2017-10-09T21:36:16.561Z] > authorizing via signed-in user
[debug] [2017-10-09T21:36:16.563Z] >>> HTTP REQUEST GET https://admin.firebase.com/v1/projects/webresume-a4907  
 Mon Oct 09 2017 17:36:16 GMT-0400 (EDT)
[debug] [2017-10-09T21:36:16.922Z] <<< HTTP RESPONSE 200
[debug] [2017-10-09T21:36:16.923Z] >>> HTTP REQUEST GET https://admin.firebase.com/v1/database/webresume-a4907/tokens  
 Mon Oct 09 2017 17:36:16 GMT-0400 (EDT)
[debug] [2017-10-09T21:36:17.343Z] <<< HTTP RESPONSE 200
[info] 1
[info] 
[info] === Deploying to 'webresume-a4907'...
[info] 
[info] i  deploying hosting
[info] i  hosting: preparing webresume directory for upload...
[debug] [2017-10-09T21:36:18.379Z] >>> HTTP REQUEST PUT https://deploy.firebase.com/v1/hosting/webresume-a4907/uploads/-Kw23HigfSmmowKmblvw?fileCount=177&message=  
 Mon Oct 09 2017 17:36:18 GMT-0400 (EDT)
